Arguments: 
  /Users/binksgao/.nvm/versions/node/v10.19.0/bin/node /Users/binksgao/.nvm/versions/node/v10.19.0/bin/yarn add babel-parser

PATH: 
  /Users/binksgao/.nvm/versions/node/v10.19.0/bin:/usr/local/bin:/usr/bin:/bin:/usr/sbin:/sbin:/usr/local/go/bin:/Library/Apple/usr/bin:/Users/binksgao/.nvm/versions/node/v10.19.0/bin

Yarn version: 
  1.22.4

Node version: 
  10.19.0

Platform: 
  darwin x64

Trace: 
  Error: https://registry.yarnpkg.com/babel-parser: Not found
      at Request.params.callback [as _callback] (/Users/binksgao/.nvm/versions/node/v10.19.0/lib/node_modules/yarn/lib/cli.js:66987:18)
      at Request.self.callback (/Users/binksgao/.nvm/versions/node/v10.19.0/lib/node_modules/yarn/lib/cli.js:140748:22)
      at Request.emit (events.js:198:13)
      at Request.<anonymous> (/Users/binksgao/.nvm/versions/node/v10.19.0/lib/node_modules/yarn/lib/cli.js:141720:10)
      at Request.emit (events.js:198:13)
      at IncomingMessage.<anonymous> (/Users/binksgao/.nvm/versions/node/v10.19.0/lib/node_modules/yarn/lib/cli.js:141642:12)
      at Object.onceWrapper (events.js:286:20)
      at IncomingMessage.emit (events.js:203:15)
      at endReadableNT (_stream_readable.js:1145:12)
      at process._tickCallback (internal/process/next_tick.js:63:19)

npm manifest: 
  {
    "name": "webpack",
    "version": "1.0.0",
    "main": "index.js",
    "license": "MIT"
  }

yarn manifest: 
  No manifest

Lockfile: 
  # THIS IS AN AUTOGENERATED FILE. DO NOT EDIT THIS FILE DIRECTLY.
  # yarn lockfile v1
